<?xml version="1.0" encoding="UTF-8"?>
<testsuite xmlns:xsi="http://www.w3.org/2001/XMLSchema-instance" xsi:noNamespaceSchemaLocation="https://maven.apache.org/surefire/maven-surefire-plugin/xsd/surefire-test-report-3.0.xsd" version="3.0" name="org.acme.travels.PersonsProcessTest" time="16.046" tests="2" errors="0" skipped="0" failures="0">
  <properties>
[...]
</properties>
  <testcase name="testAdult" classname="org.acme.travels.PersonsProcessTest" time="0.962">
    <system-out><![CDATA[14:19:26.277 [main] DEBUG org.springframework.test.context.BootstrapUtils - Instantiating CacheAwareContextLoaderDelegate from class [org.springframework.test.context.cache.DefaultCacheAwareContextLoaderDelegate]
14:19:26.303 [main] DEBUG org.springframework.test.context.BootstrapUtils - Instantiating BootstrapContext using constructor [public org.springframework.test.context.support.DefaultBootstrapContext(java.lang.Class,org.springframework.test.context.CacheAwareContextLoaderDelegate)]
14:19:26.392 [main] DEBUG org.springframework.test.context.BootstrapUtils - Instantiating TestContextBootstrapper for test class [org.acme.travels.PersonsProcessTest] from class [org.springframework.boot.test.context.SpringBootTestContextBootstrapper]
14:19:26.407 [main] INFO org.springframework.boot.test.context.SpringBootTestContextBootstrapper - Neither @ContextConfiguration nor @ContextHierarchy found for test class [org.acme.travels.PersonsProcessTest], using SpringBootContextLoader
14:19:26.413 [main] DEBUG org.springframework.test.context.support.AbstractContextLoader - Did not detect default resource location for test class [org.acme.travels.PersonsProcessTest]: class path resource [org/acme/travels/PersonsProcessTest-context.xml] does not exist
14:19:26.415 [main] DEBUG org.springframework.test.context.support.AbstractContextLoader - Did not detect default resource location for test class [org.acme.travels.PersonsProcessTest]: class path resource [org/acme/travels/PersonsProcessTestContext.groovy] does not exist
14:19:26.415 [main] INFO org.springframework.test.context.support.AbstractContextLoader - Could not detect default resource locations for test class [org.acme.travels.PersonsProcessTest]: no resource found for suffixes {-context.xml, Context.groovy}.
14:19:26.503 [main] DEBUG org.springframework.test.context.support.ActiveProfilesUtils - Could not find an 'annotation declaring class' for annotation type [org.springframework.test.context.ActiveProfiles] and class [org.acme.travels.PersonsProcessTest]
14:19:26.931 [main] DEBUG org.springframework.boot.test.context.SpringBootTestContextBootstrapper - @TestExecutionListeners is not present for class [org.acme.travels.PersonsProcessTest]: using defaults.
14:19:26.933 [main] INFO org.springframework.boot.test.context.SpringBootTestContextBootstrapper - Loaded default TestExecutionListener class names from location [META-INF/spring.factories]: [org.springframework.boot.test.mock.mockito.MockitoTestExecutionListener, org.springframework.boot.test.mock.mockito.ResetMocksTestExecutionListener, org.springframework.boot.test.autoconfigure.restdocs.RestDocsTestExecutionListener, org.springframework.boot.test.autoconfigure.web.client.MockRestServiceServerResetTestExecutionListener, org.springframework.boot.test.autoconfigure.web.servlet.MockMvcPrintOnlyOnFailureTestExecutionListener, org.springframework.boot.test.autoconfigure.web.servlet.WebDriverTestExecutionListener, org.springframework.boot.test.autoconfigure.webservices.client.MockWebServiceServerTestExecutionListener, org.springframework.test.context.web.ServletTestExecutionListener, org.springframework.test.context.support.DirtiesContextBeforeModesTestExecutionListener, org.springframework.test.context.event.ApplicationEventsTestExecutionListener, org.springframework.test.context.support.DependencyInjectionTestExecutionListener, org.springframework.test.context.support.DirtiesContextTestExecutionListener, org.springframework.test.context.transaction.TransactionalTestExecutionListener, org.springframework.test.context.jdbc.SqlScriptsTestExecutionListener, org.springframework.test.context.event.EventPublishingTestExecutionListener]
14:19:26.967 [main] DEBUG org.springframework.boot.test.context.SpringBootTestContextBootstrapper - Skipping candidate TestExecutionListener [org.springframework.test.context.transaction.TransactionalTestExecutionListener] due to a missing dependency. Specify custom listener classes or make the default listener classes and their required dependencies available. Offending class: [org/springframework/transaction/annotation/AnnotationTransactionAttributeSource]
14:19:26.967 [main] INFO org.springframework.boot.test.context.SpringBootTestContextBootstrapper - Using TestExecutionListeners: [org.springframework.test.context.web.ServletTestExecutionListener@77a98a6a, org.springframework.test.context.support.DirtiesContextBeforeModesTestExecutionListener@78fbff54, org.springframework.test.context.event.ApplicationEventsTestExecutionListener@3e10dc6, org.springframework.boot.test.mock.mockito.MockitoTestExecutionListener@7e22550a, org.springframework.boot.test.autoconfigure.SpringBootDependencyInjectionTestExecutionListener@45e37a7e, org.springframework.test.context.support.DirtiesContextTestExecutionListener@62452cc9, org.springframework.test.context.jdbc.SqlScriptsTestExecutionListener@6941827a, org.springframework.test.context.event.EventPublishingTestExecutionListener@5a7005d, org.springframework.boot.test.mock.mockito.ResetMocksTestExecutionListener@5bc9ba1d, org.springframework.boot.test.autoconfigure.restdocs.RestDocsTestExecutionListener@1021f6c9, org.springframework.boot.test.autoconfigure.web.client.MockRestServiceServerResetTestExecutionListener@7516e4e5, org.springframework.boot.test.autoconfigure.web.servlet.MockMvcPrintOnlyOnFailureTestExecutionListener@488eb7f2, org.springframework.boot.test.autoconfigure.web.servlet.WebDriverTestExecutionListener@5e81e5ac, org.springframework.boot.test.autoconfigure.webservices.client.MockWebServiceServerTestExecutionListener@4189d70b]
14:19:26.971 [main] DEBUG org.springframework.test.context.support.AbstractDirtiesContextTestExecutionListener - Before test class: context [DefaultTestContext@62e6b5c8 testClass = PersonsProcessTest, testInstance = [null], testMethod = [null], testException = [null], mergedContextConfiguration = [WebMergedContextConfiguration@3f792b9b testClass = PersonsProcessTest, locations = '{}', classes = '{class org.kie.kogito.tests.KogitoInfinispanSpringbootApplication}', contextInitializerClasses = '[]', activeProfiles = '{}', propertySourceLocations = '{}', propertySourceProperties = '{org.springframework.boot.test.context.SpringBootTestContextBootstrapper=true, server.port=0}', contextCustomizers = set[org.springframework.boot.test.context.filter.ExcludeFilterContextCustomizer@432038ec, org.springframework.boot.test.json.DuplicateJsonObjectContextCustomizerFactory$DuplicateJsonObjectContextCustomizer@5a3bc7ed, org.springframework.boot.test.mock.mockito.MockitoContextCustomizer@0, org.springframework.boot.test.web.client.TestRestTemplateContextCustomizer@7d446ed1, org.springframework.boot.test.autoconfigure.actuate.metrics.MetricsExportContextCustomizerFactory$DisableMetricExportContextCustomizer@3bd323e9, org.springframework.boot.test.autoconfigure.properties.PropertyMappingContextCustomizer@0, org.springframework.boot.test.autoconfigure.web.servlet.WebDriverContextCustomizerFactory$Customizer@172b013, org.springframework.boot.test.context.SpringBootTestArgs@1, org.springframework.boot.test.context.SpringBootTestWebEnvironment@15de0b3c], resourceBasePath = 'src/main/webapp', contextLoader = 'org.springframework.boot.test.context.SpringBootContextLoader', parent = [null]], attributes = map['org.springframework.test.context.web.ServletTestExecutionListener.activateListener' -> false]], class annotated with @DirtiesContext [true] with mode [AFTER_EACH_TEST_METHOD].
14:19:26.991 [main] DEBUG org.springframework.test.context.support.DependencyInjectionTestExecutionListener - Performing dependency injection for test context [[DefaultTestContext@62e6b5c8 testClass = PersonsProcessTest, testInstance = org.acme.travels.PersonsProcessTest@792bbc74, testMethod = [null], testException = [null], mergedContextConfiguration = [WebMergedContextConfiguration@3f792b9b testClass = PersonsProcessTest, locations = '{}', classes = '{class org.kie.kogito.tests.KogitoInfinispanSpringbootApplication}', contextInitializerClasses = '[]', activeProfiles = '{}', propertySourceLocations = '{}', propertySourceProperties = '{org.springframework.boot.test.context.SpringBootTestContextBootstrapper=true, server.port=0}', contextCustomizers = set[org.springframework.boot.test.context.filter.ExcludeFilterContextCustomizer@432038ec, org.springframework.boot.test.json.DuplicateJsonObjectContextCustomizerFactory$DuplicateJsonObjectContextCustomizer@5a3bc7ed, org.springframework.boot.test.mock.mockito.MockitoContextCustomizer@0, org.springframework.boot.test.web.client.TestRestTemplateContextCustomizer@7d446ed1, org.springframework.boot.test.autoconfigure.actuate.metrics.MetricsExportContextCustomizerFactory$DisableMetricExportContextCustomizer@3bd323e9, org.springframework.boot.test.autoconfigure.properties.PropertyMappingContextCustomizer@0, org.springframework.boot.test.autoconfigure.web.servlet.WebDriverContextCustomizerFactory$Customizer@172b013, org.springframework.boot.test.context.SpringBootTestArgs@1, org.springframework.boot.test.context.SpringBootTestWebEnvironment@15de0b3c], resourceBasePath = 'src/main/webapp', contextLoader = 'org.springframework.boot.test.context.SpringBootContextLoader', parent = [null]], attributes = map['org.springframework.test.context.web.ServletTestExecutionListener.activateListener' -> false, 'org.springframework.test.context.event.ApplicationEventsTestExecutionListener.recordApplicationEvents' -> false]]].

  .   ____          _            __ _ _
 /\\ / ___'_ __ _ _(_)_ __  __ _ \ \ \ \
( ( )\___ | '_ | '_| | '_ \/ _` | \ \ \ \
 \\/  ___)| |_)| | | | | || (_| |  ) ) ) )
  '  |____| .__|_| |_|_| |_\__, | / / / /
 =========|_|==============|___/=/_/_/_/
 :: Spring Boot ::                (v2.6.6)

2022-12-12 14:19:27.796  INFO 80359 --- [           main] org.acme.travels.PersonsProcessTest      : Starting PersonsProcessTest using Java 11.0.17 on sachin.chauhan with PID 80359 (started by sachinchauhan in /Users/sachinchauhan/Downloads/kogito-examples-stable 3/kogito-springboot-examples/process-business-rules-springboot)
2022-12-12 14:19:27.798  INFO 80359 --- [           main] org.acme.travels.PersonsProcessTest      : No active profile set, falling back to 1 default profile: "default"
2022-12-12 14:19:31.566  INFO 80359 --- [           main] o.s.b.w.embedded.tomcat.TomcatWebServer  : Tomcat initialized with port(s): 0 (http)
2022-12-12 14:19:31.575  INFO 80359 --- [           main] o.apache.catalina.core.StandardService   : Starting service [Tomcat]
2022-12-12 14:19:31.575  INFO 80359 --- [           main] org.apache.catalina.core.StandardEngine  : Starting Servlet engine: [Apache Tomcat/9.0.60]
2022-12-12 14:19:32.114  INFO 80359 --- [           main] o.a.c.c.C.[Tomcat].[localhost].[/]       : Initializing Spring embedded WebApplicationContext
2022-12-12 14:19:32.114  INFO 80359 --- [           main] w.s.c.ServletWebServerApplicationContext : Root WebApplicationContext: initialization completed in 4278 ms
2022-12-12 14:19:37.382  INFO 80359 --- [           main] o.s.b.a.e.web.EndpointLinksResolver      : Exposing 1 endpoint(s) beneath base path '/actuator'
2022-12-12 14:19:37.590  INFO 80359 --- [           main] o.s.b.w.embedded.tomcat.TomcatWebServer  : Tomcat started on port(s): 55261 (http) with context path ''
2022-12-12 14:19:37.840  INFO 80359 --- [           main] org.acme.travels.PersonsProcessTest      : Started PersonsProcessTest in 10.815 seconds (JVM running for 13.767)
]]></system-out>
  </testcase>
  <testcase name="testChild" classname="org.acme.travels.PersonsProcessTest" time="0.035">
    <system-out><![CDATA[
  .   ____          _            __ _ _
 /\\ / ___'_ __ _ _(_)_ __  __ _ \ \ \ \
( ( )\___ | '_ | '_| | '_ \/ _` | \ \ \ \
 \\/  ___)| |_)| | | | | || (_| |  ) ) ) )
  '  |____| .__|_| |_|_| |_\__, | / / / /
 =========|_|==============|___/=/_/_/_/
 :: Spring Boot ::                (v2.6.6)

2022-12-12 14:19:39.005  INFO 80359 --- [           main] org.acme.travels.PersonsProcessTest      : Starting PersonsProcessTest using Java 11.0.17 on sachin.chauhan with PID 80359 (started by sachinchauhan in /Users/sachinchauhan/Downloads/kogito-examples-stable 3/kogito-springboot-examples/process-business-rules-springboot)
2022-12-12 14:19:39.006  INFO 80359 --- [           main] org.acme.travels.PersonsProcessTest      : No active profile set, falling back to 1 default profile: "default"
2022-12-12 14:19:40.086  INFO 80359 --- [           main] o.s.b.w.embedded.tomcat.TomcatWebServer  : Tomcat initialized with port(s): 0 (http)
2022-12-12 14:19:40.087  INFO 80359 --- [           main] o.apache.catalina.core.StandardService   : Starting service [Tomcat]
2022-12-12 14:19:40.087  INFO 80359 --- [           main] org.apache.catalina.core.StandardEngine  : Starting Servlet engine: [Apache Tomcat/9.0.60]
2022-12-12 14:19:40.121  INFO 80359 --- [           main] o.a.c.c.C.[Tomcat].[localhost].[/]       : Initializing Spring embedded WebApplicationContext
2022-12-12 14:19:40.122  INFO 80359 --- [           main] w.s.c.ServletWebServerApplicationContext : Root WebApplicationContext: initialization completed in 1107 ms
2022-12-12 14:19:42.076  INFO 80359 --- [           main] o.s.b.a.e.web.EndpointLinksResolver      : Exposing 1 endpoint(s) beneath base path '/actuator'
2022-12-12 14:19:42.144  INFO 80359 --- [           main] o.s.b.w.embedded.tomcat.TomcatWebServer  : Tomcat started on port(s): 55288 (http) with context path ''
2022-12-12 14:19:42.155  INFO 80359 --- [           main] org.acme.travels.PersonsProcessTest      : Started PersonsProcessTest in 3.242 seconds (JVM running for 18.082)
]]></system-out>
  </testcase>
</testsuite>